[2025-09-08 15:58:51.757] [jointLog] [info] setting maxHashResizeThreads to 4
[2025-09-08 15:58:51.757] [jointLog] [info] Fragment incompatibility prior below threshold.  Incompatible fragments will be ignored.
[2025-09-08 15:58:51.757] [jointLog] [info] Usage of --validateMappings implies use of minScoreFraction. Since not explicitly specified, it is being set to 0.65
[2025-09-08 15:58:51.757] [jointLog] [info] Setting consensusSlack to selective-alignment default of 0.35.
[2025-09-08 15:58:51.757] [jointLog] [info] parsing read library format
[2025-09-08 15:58:51.757] [jointLog] [info] There is 1 library.
[2025-09-08 15:58:51.760] [jointLog] [info] Loading pufferfish index
[2025-09-08 15:58:51.761] [jointLog] [info] Loading dense pufferfish index.
[2025-09-08 15:58:51.860] [jointLog] [info] done
[2025-09-08 15:58:52.012] [jointLog] [info] Index contained 6,571 targets
[2025-09-08 15:58:52.014] [jointLog] [info] Number of decoys : 0
[2025-09-08 15:58:52.389] [jointLog] [info] Automatically detected most likely library type as SR

[2025-09-08 15:59:25.276] [jointLog] [info] Thread saw mini-batch with a maximum of 4.48% zero probability fragments
[2025-09-08 15:59:25.285] [jointLog] [info] Thread saw mini-batch with a maximum of 4.68% zero probability fragments
[2025-09-08 15:59:25.303] [jointLog] [info] Thread saw mini-batch with a maximum of 4.62% zero probability fragments
[2025-09-08 15:59:25.304] [jointLog] [info] Thread saw mini-batch with a maximum of 4.64% zero probability fragments
[2025-09-08 15:59:25.382] [jointLog] [info] Computed 7,648 rich equivalence classes for further processing
[2025-09-08 15:59:25.382] [jointLog] [info] Counted 11,456,184 total reads in the equivalence classes 
[2025-09-08 15:59:25.388] [jointLog] [info] Number of mappings discarded because of alignment score : 1,209,358
[2025-09-08 15:59:25.388] [jointLog] [info] Number of fragments entirely discarded because of alignment score : 1,016,846
[2025-09-08 15:59:25.388] [jointLog] [info] Number of fragments discarded because they are best-mapped to decoys : 0
[2025-09-08 15:59:25.388] [jointLog] [info] Number of fragments discarded because they have only dovetail (discordant) mappings to valid targets : 0
[2025-09-08 15:59:25.388] [jointLog] [info] Mapping rate = 63.7697%

[2025-09-08 15:59:25.388] [jointLog] [info] finished quantifyLibrary()
[2025-09-08 15:59:25.395] [jointLog] [info] Starting optimizer
[2025-09-08 15:59:25.408] [jointLog] [info] Marked 0 weighted equivalence classes as degenerate
[2025-09-08 15:59:25.409] [jointLog] [info] iteration = 0 | max rel diff. = 78252.7
[2025-09-08 15:59:25.383] [fileLog] [info] 
At end of round 0
==================
Observed 17964928 total fragments (17964928 in most recent round)

[2025-09-08 15:59:25.511] [jointLog] [info] iteration = 100 | max rel diff. = 0.0538234
[2025-09-08 15:59:25.548] [jointLog] [info] iteration = 137 | max rel diff. = 0.00592706
[2025-09-08 15:59:25.548] [jointLog] [info] Finished optimizer
[2025-09-08 15:59:25.548] [jointLog] [info] writing output 

