[2025-09-08 16:11:15.120] [jointLog] [info] setting maxHashResizeThreads to 4
[2025-09-08 16:11:15.120] [jointLog] [info] Fragment incompatibility prior below threshold.  Incompatible fragments will be ignored.
[2025-09-08 16:11:15.120] [jointLog] [info] Usage of --validateMappings implies use of minScoreFraction. Since not explicitly specified, it is being set to 0.65
[2025-09-08 16:11:15.120] [jointLog] [info] Setting consensusSlack to selective-alignment default of 0.35.
[2025-09-08 16:11:15.120] [jointLog] [info] parsing read library format
[2025-09-08 16:11:15.120] [jointLog] [info] There is 1 library.
[2025-09-08 16:11:15.123] [jointLog] [info] Loading pufferfish index
[2025-09-08 16:11:15.124] [jointLog] [info] Loading dense pufferfish index.
[2025-09-08 16:11:15.255] [jointLog] [info] done
[2025-09-08 16:11:15.486] [jointLog] [info] Index contained 6,571 targets
[2025-09-08 16:11:15.489] [jointLog] [info] Number of decoys : 0
[2025-09-08 16:11:16.073] [jointLog] [info] Automatically detected most likely library type as SR

[2025-09-08 16:12:30.933] [jointLog] [info] Thread saw mini-batch with a maximum of 3.58% zero probability fragments
[2025-09-08 16:12:30.955] [jointLog] [info] Thread saw mini-batch with a maximum of 3.70% zero probability fragments
[2025-09-08 16:12:30.973] [jointLog] [info] Thread saw mini-batch with a maximum of 3.38% zero probability fragments
[2025-09-08 16:12:30.990] [jointLog] [info] Thread saw mini-batch with a maximum of 3.48% zero probability fragments
[2025-09-08 16:12:31.110] [jointLog] [info] Computed 7,839 rich equivalence classes for further processing
[2025-09-08 16:12:31.110] [jointLog] [info] Counted 8,713,406 total reads in the equivalence classes 
[2025-09-08 16:12:31.128] [jointLog] [info] Number of mappings discarded because of alignment score : 714,896
[2025-09-08 16:12:31.128] [jointLog] [info] Number of fragments entirely discarded because of alignment score : 596,936
[2025-09-08 16:12:31.128] [jointLog] [info] Number of fragments discarded because they are best-mapped to decoys : 0
[2025-09-08 16:12:31.128] [jointLog] [info] Number of fragments discarded because they have only dovetail (discordant) mappings to valid targets : 0
[2025-09-08 16:12:31.128] [jointLog] [info] Mapping rate = 64.4628%

[2025-09-08 16:12:31.128] [jointLog] [info] finished quantifyLibrary()
[2025-09-08 16:12:31.136] [jointLog] [info] Starting optimizer
[2025-09-08 16:12:31.157] [jointLog] [info] Marked 0 weighted equivalence classes as degenerate
[2025-09-08 16:12:31.158] [jointLog] [info] iteration = 0 | max rel diff. = 91369.2
[2025-09-08 16:12:31.268] [jointLog] [info] iteration = 100 | max rel diff. = 0.0997538
[2025-09-08 16:12:31.114] [fileLog] [info] 
At end of round 0
==================
Observed 13516950 total fragments (13516950 in most recent round)

[2025-09-08 16:12:31.358] [jointLog] [info] iteration = 200 | max rel diff. = 0.0252107
[2025-09-08 16:12:31.438] [jointLog] [info] iteration = 300 | max rel diff. = 0.0153074
[2025-09-08 16:12:31.515] [jointLog] [info] iteration = 397 | max rel diff. = 0.000649455
[2025-09-08 16:12:31.516] [jointLog] [info] Finished optimizer
[2025-09-08 16:12:31.516] [jointLog] [info] writing output 

